<?xml version="1.0" encoding="UTF-8"?>
<!-- Generated by org.testng.reporters.JUnitReportReporter -->
<testsuite skipped="0" hostname="DESKTOP-5GI7F6N" name="com.guruBank.testCases.TC_LoginTest_002" tests="1" failures="0" timestamp="2022-01-25T12:04:18 BDT" time="8.038" errors="0">
  <testcase name="loginTest" time="8.038" classname="com.guruBank.testCases.TC_LoginTest_002"/>
  <system-out/>
</testsuite> <!-- com.guruBank.testCases.TC_LoginTest_002 -->
