<?xml version="1.0" encoding="UTF-8"?>
<!-- Generated by org.testng.reporters.JUnitReportReporter -->
<testsuite skipped="0" hostname="DESKTOP-5GI7F6N" name="com.guruBank.testCases.TC_LoginTest_001" tests="1" failures="0" timestamp="2022-01-30T11:53:59 BDT" time="1.752" errors="0">
  <testcase name="loginTest" time="1.752" classname="com.guruBank.testCases.TC_LoginTest_001"/>
  <system-out/>
</testsuite> <!-- com.guruBank.testCases.TC_LoginTest_001 -->
