<?xml version="1.0" encoding="UTF-8"?>
<!-- Generated by org.testng.reporters.JUnitReportReporter -->
<testsuite skipped="0" hostname="DESKTOP-5GI7F6N" name="com.guruBank.testCases.TC_AddCustomer_003" tests="1" failures="0" timestamp="2022-01-30T12:43:52 BDT" time="10.441" errors="0">
  <testcase name="addNewCustomer" time="10.441" classname="com.guruBank.testCases.TC_AddCustomer_003"/>
  <system-out/>
</testsuite> <!-- com.guruBank.testCases.TC_AddCustomer_003 -->
