<?xml version="1.0" encoding="UTF-8"?>
<!-- Generated by org.testng.reporters.JUnitReportReporter -->
<testsuite skipped="0" hostname="DESKTOP-5GI7F6N" name="com.guruBank.testCases.TC_EditCoustomer_004" tests="1" failures="0" timestamp="2022-01-27T15:58:25 BDT" time="20.356" errors="0">
  <testcase name="editCoustomer" time="20.356" classname="com.guruBank.testCases.TC_EditCoustomer_004"/>
  <system-out/>
</testsuite> <!-- com.guruBank.testCases.TC_EditCoustomer_004 -->
